<?xml version="1.0" encoding="UTF-8"?>
<!-- Generated by org.testng.reporters.JUnitReportReporter -->
<testsuite skipped="0" hostname="HariDarshana" name="testNG.SampleTestCase" tests="1" failures="0" timestamp="2022-11-23T12:01:04 CST" time="0.031" errors="0">
  <testcase name="firstTestCase" time="0.031" classname="testNG.SampleTestCase"/>
  <system-out/>
</testsuite> <!-- testNG.SampleTestCase -->
