<?xml version="1.0" encoding="UTF-8"?>
<!-- Generated by org.testng.reporters.JUnitReportReporter -->
<testsuite skipped="0" hostname="HariDarshana" name="testNG.DependenciesManagement" tests="3" failures="0" timestamp="2022-11-22T19:25:08 CST" time="0.095" errors="0">
  <testcase name="middleSchool" time="0.079" classname="testNG.DependenciesManagement"/>
  <system-out/>
  <testcase name="engineerin" time="0.007" classname="testNG.DependenciesManagement"/>
  <system-out/>
  <testcase name="highSchool" time="0.009" classname="testNG.DependenciesManagement"/>
  <system-out/>
</testsuite> <!-- testNG.DependenciesManagement -->
