<?xml version="1.0" encoding="UTF-8"?>
<!-- Generated by org.testng.reporters.JUnitReportReporter -->
<testsuite skipped="1" hostname="HariDarshana" name="testNG.SkipTest" tests="6" failures="0" timestamp="2022-11-22T19:25:08 CST" time="0.203" errors="0">
  <testcase name="startTheCar" time="0.014" classname="testNG.SkipTest"/>
  <system-out/>
  <testcase name="putFirstGear" time="0.030" classname="testNG.SkipTest"/>
  <system-out/>
  <testcase name="putSecondGear" time="0.010" classname="testNG.SkipTest"/>
  <system-out/>
  <testcase name="putThirdGear" time="0.082" classname="testNG.SkipTest"/>
  <system-out/>
  <testcase name="putFourthGear" time="0.067" classname="testNG.SkipTest"/>
  <system-out/>
  <testcase name="musicStart" classname="testNG.SkipTest">
    <skipped/>
  </testcase> <!-- musicStart -->
  <system-out/>
</testsuite> <!-- testNG.SkipTest -->
