<?xml version="1.0" encoding="UTF-8"?>
<!-- Generated by org.testng.reporters.JUnitReportReporter -->
<testsuite skipped="0" hostname="HariDarshana" name="testNG.DriveACar" tests="5" failures="0" timestamp="2022-11-22T19:25:08 CST" time="0.095" errors="0">
  <testcase name="openChrome" time="0.008" classname="testNG.DriveACar"/>
  <system-out/>
  <testcase name="putFirstGear" time="0.067" classname="testNG.DriveACar"/>
  <system-out/>
  <testcase name="putSecondGear" time="0.008" classname="testNG.DriveACar"/>
  <system-out/>
  <testcase name="putThirdGear" time="0.008" classname="testNG.DriveACar"/>
  <system-out/>
  <testcase name="putFourthGear" time="0.004" classname="testNG.DriveACar"/>
  <system-out/>
</testsuite> <!-- testNG.DriveACar -->
