<?xml version="1.0" encoding="UTF-8"?>
<!-- Generated by org.testng.reporters.JUnitReportReporter -->
<testsuite skipped="0" hostname="HariDarshana" name="testNG.SuiteExample" tests="3" failures="0" timestamp="2022-11-22T12:21:31 CST" time="14.890" errors="0">
  <testcase name="openGoogle" time="2.059" classname="testNG.SuiteExample"/>
  <system-out/>
  <testcase name="bingOpen" time="0.954" classname="testNG.SuiteExample"/>
  <system-out/>
  <testcase name="yahooOpen" time="11.877" classname="testNG.SuiteExample"/>
  <system-out/>
</testsuite> <!-- testNG.SuiteExample -->
