<?xml version="1.0" encoding="UTF-8"?>
<!-- Generated by org.testng.reporters.JUnitReportReporter -->
<testsuite skipped="0" hostname="HariDarshana" name="testNG.ParallelTesting" tests="2" failures="0" timestamp="2022-11-23T09:22:43 CST" time="33.745" errors="0">
  <testcase name="openGoogle" time="16.740" classname="testNG.ParallelTesting"/>
  <system-out/>
  <testcase name="openBing" time="17.005" classname="testNG.ParallelTesting"/>
  <system-out/>
</testsuite> <!-- testNG.ParallelTesting -->
