<?xml version="1.0" encoding="UTF-8"?>
<!-- Generated by org.testng.reporters.JUnitReportReporter -->
<testsuite skipped="0" hostname="HariDarshana" name="testNG.AssertionsExample" tests="1" failures="0" timestamp="2022-11-23T10:37:22 CST" time="0.021" errors="0">
  <testcase name="checkEqual" time="0.021" classname="testNG.AssertionsExample"/>
  <system-out/>
</testsuite> <!-- testNG.AssertionsExample -->
