<?xml version="1.0" encoding="UTF-8"?>
<!-- Generated by org.testng.reporters.JUnitReportReporter -->
<testsuite skipped="0" hostname="HariDarshana" name="testNG.AnnotationHierarchyExamples" tests="1" failures="0" timestamp="2022-12-15T10:50:18 CST" time="0.033" errors="0">
  <testcase name="test" time="0.033" classname="testNG.AnnotationHierarchyExamples"/>
  <system-out/>
</testsuite> <!-- testNG.AnnotationHierarchyExamples -->
