<?xml version="1.0" encoding="UTF-8"?>
<!-- Generated by org.testng.reporters.JUnitReportReporter -->
<testsuite skipped="0" hostname="HariDarshana" name="testNG.ParameterizationExample" tests="1" failures="0" timestamp="2022-12-03T15:10:15 CST" time="0.037" errors="0">
  <testcase name="printName" time="0.037" classname="testNG.ParameterizationExample"/>
  <system-out/>
</testsuite> <!-- testNG.ParameterizationExample -->
